{"level":"info","ts":1745696260.667114,"caller":"logger/logger.go:30","msg":"Logger initialized, output to console and file"}
{"level":"info","ts":1745696260.66731,"caller":"service/config.go:30","msg":"Loaded interface keys from environment"}
{"level":"info","ts":1745696311.3716989,"caller":"server/router.go:37","msg":"Incoming request","method":"GET","path":"/"}
{"level":"info","ts":1745696311.371805,"caller":"server/router.go:42","msg":"Request handled","status":404,"duration_ms":0.000109917}
{"level":"info","ts":1745696311.476564,"caller":"server/router.go:37","msg":"Incoming request","method":"GET","path":"/favicon.ico"}
{"level":"info","ts":1745696311.476631,"caller":"server/router.go:42","msg":"Request handled","status":404,"duration_ms":0.000069208}
{"level":"info","ts":1745696334.707371,"caller":"server/router.go:37","msg":"Incoming request","method":"GET","path":"/swagger/index.html"}
{"level":"info","ts":1745696334.708468,"caller":"server/router.go:42","msg":"Request handled","status":200,"duration_ms":0.001098958}
{"level":"info","ts":1745696334.723934,"caller":"server/router.go:37","msg":"Incoming request","method":"GET","path":"/swagger/swagger-ui.css"}
{"level":"info","ts":1745696334.7239099,"caller":"server/router.go:37","msg":"Incoming request","method":"GET","path":"/swagger/swagger-ui-bundle.js"}
{"level":"info","ts":1745696334.723968,"caller":"server/router.go:37","msg":"Incoming request","method":"GET","path":"/swagger/swagger-ui-standalone-preset.js"}
{"level":"info","ts":1745696334.7242482,"caller":"server/router.go:42","msg":"Request handled","status":200,"duration_ms":0.000313792}
{"level":"info","ts":1745696334.724685,"caller":"server/router.go:42","msg":"Request handled","status":200,"duration_ms":0.000715208}
{"level":"info","ts":1745696334.725051,"caller":"server/router.go:42","msg":"Request handled","status":200,"duration_ms":0.001141}
{"level":"info","ts":1745696334.7845519,"caller":"server/router.go:37","msg":"Incoming request","method":"GET","path":"/swagger/doc.json"}
{"level":"info","ts":1745696334.784827,"caller":"server/router.go:42","msg":"Request handled","status":200,"duration_ms":0.000277917}
{"level":"info","ts":1745696334.805708,"caller":"server/router.go:37","msg":"Incoming request","method":"GET","path":"/swagger/favicon-32x32.png"}
{"level":"info","ts":1745696334.805928,"caller":"server/router.go:42","msg":"Request handled","status":200,"duration_ms":0.000222458}
{"level":"info","ts":1745696400.319922,"caller":"server/router.go:37","msg":"Incoming request","method":"GET","path":"/configs"}
{"level":"error","ts":1745696400.340356,"caller":"handler/config.go:48","msg":"Failed to list configs","error":"failed to execute wg show dump: exit status 1","stacktrace":"wgMicro_api/internal/handler.(*ConfigHandler).GetAll\n\t/Users/egr/Documents/Dev/wgMicro_api/internal/handler/config.go:48\ngithub.com/gin-gonic/gin.(*Context).Next\n\t/Users/egr/go/pkg/mod/github.com/gin-gonic/gin@v1.10.0/context.go:185\nwgMicro_api/internal/server.NewRouter.ZapLogger.func1\n\t/Users/egr/Documents/Dev/wgMicro_api/internal/server/router.go:41\ngithub.com/gin-gonic/gin.(*Context).Next\n\t/Users/egr/go/pkg/mod/github.com/gin-gonic/gin@v1.10.0/context.go:185\ngithub.com/gin-gonic/gin.CustomRecoveryWithWriter.func1\n\t/Users/egr/go/pkg/mod/github.com/gin-gonic/gin@v1.10.0/recovery.go:102\ngithub.com/gin-gonic/gin.(*Context).Next\n\t/Users/egr/go/pkg/mod/github.com/gin-gonic/gin@v1.10.0/context.go:185\ngithub.com/gin-gonic/gin.(*Engine).handleHTTPRequest\n\t/Users/egr/go/pkg/mod/github.com/gin-gonic/gin@v1.10.0/gin.go:633\ngithub.com/gin-gonic/gin.(*Engine).ServeHTTP\n\t/Users/egr/go/pkg/mod/github.com/gin-gonic/gin@v1.10.0/gin.go:589\nnet/http.serverHandler.ServeHTTP\n\t/usr/local/go/src/net/http/server.go:3301\nnet/http.(*conn).serve\n\t/usr/local/go/src/net/http/server.go:2102"}
{"level":"info","ts":1745696400.340883,"caller":"server/router.go:42","msg":"Request handled","status":500,"duration_ms":0.020962459}
{"level":"info","ts":1745696441.110219,"caller":"server/router.go:37","msg":"Incoming request","method":"GET","path":"/configs"}
{"level":"error","ts":1745696441.1153011,"caller":"handler/config.go:48","msg":"Failed to list configs","error":"failed to execute wg show dump: exit status 1","stacktrace":"wgMicro_api/internal/handler.(*ConfigHandler).GetAll\n\t/Users/egr/Documents/Dev/wgMicro_api/internal/handler/config.go:48\ngithub.com/gin-gonic/gin.(*Context).Next\n\t/Users/egr/go/pkg/mod/github.com/gin-gonic/gin@v1.10.0/context.go:185\nwgMicro_api/internal/server.NewRouter.ZapLogger.func1\n\t/Users/egr/Documents/Dev/wgMicro_api/internal/server/router.go:41\ngithub.com/gin-gonic/gin.(*Context).Next\n\t/Users/egr/go/pkg/mod/github.com/gin-gonic/gin@v1.10.0/context.go:185\ngithub.com/gin-gonic/gin.CustomRecoveryWithWriter.func1\n\t/Users/egr/go/pkg/mod/github.com/gin-gonic/gin@v1.10.0/recovery.go:102\ngithub.com/gin-gonic/gin.(*Context).Next\n\t/Users/egr/go/pkg/mod/github.com/gin-gonic/gin@v1.10.0/context.go:185\ngithub.com/gin-gonic/gin.(*Engine).handleHTTPRequest\n\t/Users/egr/go/pkg/mod/github.com/gin-gonic/gin@v1.10.0/gin.go:633\ngithub.com/gin-gonic/gin.(*Engine).ServeHTTP\n\t/Users/egr/go/pkg/mod/github.com/gin-gonic/gin@v1.10.0/gin.go:589\nnet/http.serverHandler.ServeHTTP\n\t/usr/local/go/src/net/http/server.go:3301\nnet/http.(*conn).serve\n\t/usr/local/go/src/net/http/server.go:2102"}
{"level":"info","ts":1745696441.1154401,"caller":"server/router.go:42","msg":"Request handled","status":500,"duration_ms":0.005222792}
{"level":"info","ts":1745696444.131973,"caller":"server/router.go:37","msg":"Incoming request","method":"GET","path":"/configs"}
{"level":"error","ts":1745696444.1379468,"caller":"handler/config.go:48","msg":"Failed to list configs","error":"failed to execute wg show dump: exit status 1","stacktrace":"wgMicro_api/internal/handler.(*ConfigHandler).GetAll\n\t/Users/egr/Documents/Dev/wgMicro_api/internal/handler/config.go:48\ngithub.com/gin-gonic/gin.(*Context).Next\n\t/Users/egr/go/pkg/mod/github.com/gin-gonic/gin@v1.10.0/context.go:185\nwgMicro_api/internal/server.NewRouter.ZapLogger.func1\n\t/Users/egr/Documents/Dev/wgMicro_api/internal/server/router.go:41\ngithub.com/gin-gonic/gin.(*Context).Next\n\t/Users/egr/go/pkg/mod/github.com/gin-gonic/gin@v1.10.0/context.go:185\ngithub.com/gin-gonic/gin.CustomRecoveryWithWriter.func1\n\t/Users/egr/go/pkg/mod/github.com/gin-gonic/gin@v1.10.0/recovery.go:102\ngithub.com/gin-gonic/gin.(*Context).Next\n\t/Users/egr/go/pkg/mod/github.com/gin-gonic/gin@v1.10.0/context.go:185\ngithub.com/gin-gonic/gin.(*Engine).handleHTTPRequest\n\t/Users/egr/go/pkg/mod/github.com/gin-gonic/gin@v1.10.0/gin.go:633\ngithub.com/gin-gonic/gin.(*Engine).ServeHTTP\n\t/Users/egr/go/pkg/mod/github.com/gin-gonic/gin@v1.10.0/gin.go:589\nnet/http.serverHandler.ServeHTTP\n\t/usr/local/go/src/net/http/server.go:3301\nnet/http.(*conn).serve\n\t/usr/local/go/src/net/http/server.go:2102"}
{"level":"info","ts":1745696444.138106,"caller":"server/router.go:42","msg":"Request handled","status":500,"duration_ms":0.006135334}
